Using pre-set license
Built from '2020.3/staging' branch; Version is '2020.3.10f1 (297d780c91bc) revision 2719096'; Using compiler version '192528614'; Build Type 'Release'
OS: 'Windows 10 Home Single Language; OS build 22000.527; Version 2009; 64bit' Language: 'tr' Physical Memory: 16276 MB
BatchMode: 1, IsHumanControllingUs: 0, StartBugReporterOnCrash: 0, Is64bit: 1, IsPro: 0

 COMMAND LINE ARGUMENTS:
D:\Unity\Editor\2020.3.10f1\Editor\Unity.exe
-adb2
-batchMode
-noUpm
-name
AssetImportWorker0
-projectPath
D:/Github_Project/Project0/Project0
-logFile
Logs/AssetImportWorker0.log
-srvPort
49876
Successfully changed project path to: D:/Github_Project/Project0/Project0
D:/Github_Project/Project0/Project0
Using Asset Import Pipeline V2.
Refreshing native plugins compatible for Editor in 49.68 ms, found 2 plugins.
Preloading 0 native plugins for Editor in 0.00 ms.
Initialize engine version: 2020.3.10f1 (297d780c91bc)
[Subsystems] Discovering subsystems at path D:/Unity/Editor/2020.3.10f1/Editor/Data/Resources/UnitySubsystems
[Subsystems] Discovering subsystems at path D:/Github_Project/Project0/Project0/Assets
GfxDevice: creating device client; threaded=0
Direct3D:
    Version:  Direct3D 11.0 [level 11.1]
    Renderer: Microsoft Basic Render Driver (ID=0x8c)
    Vendor:   
    VRAM:     8138 MB
Initialize mono
Mono path[0] = 'D:/Unity/Editor/2020.3.10f1/Editor/Data/Managed'
Mono path[1] = 'D:/Unity/Editor/2020.3.10f1/Editor/Data/MonoBleedingEdge/lib/mono/unityjit'
Mono config path = 'D:/Unity/Editor/2020.3.10f1/Editor/Data/MonoBleedingEdge/etc'
Using monoOptions --debugger-agent=transport=dt_socket,embedding=1,server=y,suspend=n,address=127.0.0.1:56176
Begin MonoManager ReloadAssembly
Registering precompiled unity dll's ...
Register platform support module: D:/Unity/Editor/2020.3.10f1/Editor/Data/PlaybackEngines/WindowsStandaloneSupport/UnityEditor.WindowsStandalone.Extensions.dll
Registered in 0.001642 seconds.
Native extension for WindowsStandalone target not found
Refreshing native plugins compatible for Editor in 43.32 ms, found 2 plugins.
Preloading 0 native plugins for Editor in 0.00 ms.
Mono: successfully reloaded assembly
- Completed reload, in  4.797 seconds
Platform modules already initialized, skipping
Registering precompiled user dll's ...
Registered in 0.005106 seconds.
Begin MonoManager ReloadAssembly
Native extension for WindowsStandalone target not found
Refreshing native plugins compatible for Editor in 0.47 ms, found 2 plugins.
Preloading 0 native plugins for Editor in 0.00 ms.
Mono: successfully reloaded assembly
- Completed reload, in  1.570 seconds
Platform modules already initialized, skipping
========================================================================
Worker process is ready to serve import requests
Launched and connected shader compiler UnityShaderCompiler.exe after 0.08 seconds
Refreshing native plugins compatible for Editor in 0.95 ms, found 2 plugins.
Preloading 0 native plugins for Editor in 0.00 ms.
Unloading 1566 Unused Serialized files (Serialized files now loaded: 0)
System memory in use before: 73.6 MB.
System memory in use after: 73.7 MB.

Unloading 20 unused Assets to reduce memory usage. Loaded Objects now: 2002.
Total: 2.219300 ms (FindLiveObjects: 0.176400 ms CreateObjectMapping: 0.048500 ms MarkObjects: 1.849600 ms  DeleteObjects: 0.143500 ms)

========================================================================
Received Import Request.
  path: Assets/Prefabs/Droplet_PS.prefab
  artifactKey: Guid(595a148e5167ef543bee2692ca41c412) Importer(815301076,1909f56bfc062723c751e8b465ee728b)
Start importing Assets/Prefabs/Droplet_PS.prefab using Guid(595a148e5167ef543bee2692ca41c412) Importer(815301076,1909f56bfc062723c751e8b465ee728b)  -> (artifact id: 'aa7c2e9455df90ca9532ce249cedc079') in 0.093418 seconds
  Import took 0.117976 seconds .

========================================================================
Received Import Request.
  Time since last request: 0.626889 seconds.
  path: Assets/Prefabs/Droplet_PS.prefab
  artifactKey: Guid(595a148e5167ef543bee2692ca41c412) Importer(815301076,1909f56bfc062723c751e8b465ee728b)
Start importing Assets/Prefabs/Droplet_PS.prefab using Guid(595a148e5167ef543bee2692ca41c412) Importer(815301076,1909f56bfc062723c751e8b465ee728b)  -> (artifact id: 'aa7c2e9455df90ca9532ce249cedc079') in 0.020804 seconds
  Import took 0.033239 seconds .

AssetImportWorkerClient::OnTransportError - code=2 error=End of file
